<?xml version="1.0" encoding="UTF-8"?>
<testsuite xmlns:xsi="http://www.w3.org/2001/XMLSchema-instance" xsi:noNamespaceSchemaLocation="https://maven.apache.org/surefire/maven-surefire-plugin/xsd/surefire-test-report-3.0.xsd" version="3.0" name="TestSuite" time="21.945" tests="3" errors="0" skipped="0" failures="0">
  <properties>
    <property name="java.specification.version" value="18"/>
    <property name="sun.jnu.encoding" value="UTF-8"/>
    <property name="java.class.path" value="/Users/ivankatumba/Documents/Finexio/target/test-classes:/Users/ivankatumba/Documents/Finexio/target/classes:/Users/ivankatumba/.m2/repository/org/seleniumhq/selenium/selenium-java/4.0.0-beta-3/selenium-java-4.0.0-beta-3.jar:/Users/ivankatumba/.m2/repository/org/seleniumhq/selenium/selenium-api/4.0.0-beta-3/selenium-api-4.0.0-beta-3.jar:/Users/ivankatumba/.m2/repository/org/seleniumhq/selenium/selenium-chrome-driver/4.0.0-beta-3/selenium-chrome-driver-4.0.0-beta-3.jar:/Users/ivankatumba/.m2/repository/com/google/auto/service/auto-service-annotations/1.0-rc7/auto-service-annotations-1.0-rc7.jar:/Users/ivankatumba/.m2/repository/com/google/auto/service/auto-service/1.0-rc7/auto-service-1.0-rc7.jar:/Users/ivankatumba/.m2/repository/com/google/auto/auto-common/0.10/auto-common-0.10.jar:/Users/ivankatumba/.m2/repository/org/seleniumhq/selenium/selenium-chromium-driver/4.0.0-beta-3/selenium-chromium-driver-4.0.0-beta-3.jar:/Users/ivankatumba/.m2/repository/org/seleniumhq/selenium/selenium-devtools/4.0.0-beta-3/selenium-devtools-4.0.0-beta-3.jar:/Users/ivankatumba/.m2/repository/org/seleniumhq/selenium/selenium-http/4.0.0-beta-3/selenium-http-4.0.0-beta-3.jar:/Users/ivankatumba/.m2/repository/org/seleniumhq/selenium/selenium-json/4.0.0-beta-3/selenium-json-4.0.0-beta-3.jar:/Users/ivankatumba/.m2/repository/org/seleniumhq/selenium/selenium-devtools-v85/4.0.0-beta-3/selenium-devtools-v85-4.0.0-beta-3.jar:/Users/ivankatumba/.m2/repository/org/seleniumhq/selenium/selenium-devtools-v88/4.0.0-beta-3/selenium-devtools-v88-4.0.0-beta-3.jar:/Users/ivankatumba/.m2/repository/org/seleniumhq/selenium/selenium-devtools-v89/4.0.0-beta-3/selenium-devtools-v89-4.0.0-beta-3.jar:/Users/ivankatumba/.m2/repository/org/seleniumhq/selenium/selenium-devtools-v90/4.0.0-beta-3/selenium-devtools-v90-4.0.0-beta-3.jar:/Users/ivankatumba/.m2/repository/org/seleniumhq/selenium/selenium-devtools-v91/4.0.0-beta-3/selenium-devtools-v91-4.0.0-beta-3.jar:/Users/ivankatumba/.m2/repository/org/seleniumhq/selenium/selenium-edge-driver/4.0.0-beta-3/selenium-edge-driver-4.0.0-beta-3.jar:/Users/ivankatumba/.m2/repository/org/seleniumhq/selenium/selenium-firefox-driver/4.0.0-beta-3/selenium-firefox-driver-4.0.0-beta-3.jar:/Users/ivankatumba/.m2/repository/org/seleniumhq/selenium/selenium-firefox-xpi-driver/4.0.0-beta-3/selenium-firefox-xpi-driver-4.0.0-beta-3.jar:/Users/ivankatumba/.m2/repository/org/seleniumhq/selenium/selenium-ie-driver/4.0.0-beta-3/selenium-ie-driver-4.0.0-beta-3.jar:/Users/ivankatumba/.m2/repository/org/seleniumhq/selenium/selenium-opera-driver/4.0.0-beta-3/selenium-opera-driver-4.0.0-beta-3.jar:/Users/ivankatumba/.m2/repository/org/seleniumhq/selenium/selenium-remote-driver/4.0.0-beta-3/selenium-remote-driver-4.0.0-beta-3.jar:/Users/ivankatumba/.m2/repository/io/netty/netty-buffer/4.1.58.Final/netty-buffer-4.1.58.Final.jar:/Users/ivankatumba/.m2/repository/io/netty/netty-codec-http/4.1.58.Final/netty-codec-http-4.1.58.Final.jar:/Users/ivankatumba/.m2/repository/io/netty/netty-codec/4.1.58.Final/netty-codec-4.1.58.Final.jar:/Users/ivankatumba/.m2/repository/io/netty/netty-handler/4.1.58.Final/netty-handler-4.1.58.Final.jar:/Users/ivankatumba/.m2/repository/io/netty/netty-common/4.1.58.Final/netty-common-4.1.58.Final.jar:/Users/ivankatumba/.m2/repository/io/netty/netty-transport-native-epoll/4.1.58.Final/netty-transport-native-epoll-4.1.58.Final.jar:/Users/ivankatumba/.m2/repository/io/netty/netty-transport-native-kqueue/4.1.58.Final/netty-transport-native-kqueue-4.1.58.Final.jar:/Users/ivankatumba/.m2/repository/io/netty/netty-transport-native-unix-common/4.1.58.Final/netty-transport-native-unix-common-4.1.58.Final.jar:/Users/ivankatumba/.m2/repository/io/netty/netty-transport/4.1.58.Final/netty-transport-4.1.58.Final.jar:/Users/ivankatumba/.m2/repository/io/netty/netty-resolver/4.1.58.Final/netty-resolver-4.1.58.Final.jar:/Users/ivankatumba/.m2/repository/io/opentelemetry/opentelemetry-api/1.0.0/opentelemetry-api-1.0.0.jar:/Users/ivankatumba/.m2/repository/io/opentelemetry/opentelemetry-context/1.0.0/opentelemetry-context-1.0.0.jar:/Users/ivankatumba/.m2/repository/io/opentelemetry/opentelemetry-exporter-logging/1.0.0/opentelemetry-exporter-logging-1.0.0.jar:/Users/ivankatumba/.m2/repository/io/opentelemetry/opentelemetry-sdk-metrics/1.0.0-alpha/opentelemetry-sdk-metrics-1.0.0-alpha.jar:/Users/ivankatumba/.m2/repository/io/opentelemetry/opentelemetry-sdk-common/1.0.0/opentelemetry-sdk-common-1.0.0.jar:/Users/ivankatumba/.m2/repository/io/opentelemetry/opentelemetry-sdk-extension-autoconfigure/1.0.0-alpha/opentelemetry-sdk-extension-autoconfigure-1.0.0-alpha.jar:/Users/ivankatumba/.m2/repository/io/opentelemetry/opentelemetry-sdk-trace/1.0.0/opentelemetry-sdk-trace-1.0.0.jar:/Users/ivankatumba/.m2/repository/io/opentelemetry/opentelemetry-api-metrics/1.0.0-alpha/opentelemetry-api-metrics-1.0.0-alpha.jar:/Users/ivankatumba/.m2/repository/io/opentelemetry/opentelemetry-sdk/1.0.0/opentelemetry-sdk-1.0.0.jar:/Users/ivankatumba/.m2/repository/io/opentelemetry/opentelemetry-semconv/1.0.0-alpha/opentelemetry-semconv-1.0.0-alpha.jar:/Users/ivankatumba/.m2/repository/net/bytebuddy/byte-buddy/1.10.19/byte-buddy-1.10.19.jar:/Users/ivankatumba/.m2/repository/org/apache/commons/commons-exec/1.3/commons-exec-1.3.jar:/Users/ivankatumba/.m2/repository/org/asynchttpclient/async-http-client/2.12.2/async-http-client-2.12.2.jar:/Users/ivankatumba/.m2/repository/org/asynchttpclient/async-http-client-netty-utils/2.12.2/async-http-client-netty-utils-2.12.2.jar:/Users/ivankatumba/.m2/repository/io/netty/netty-codec-socks/4.1.53.Final/netty-codec-socks-4.1.53.Final.jar:/Users/ivankatumba/.m2/repository/io/netty/netty-handler-proxy/4.1.53.Final/netty-handler-proxy-4.1.53.Final.jar:/Users/ivankatumba/.m2/repository/io/netty/netty-transport-native-epoll/4.1.53.Final/netty-transport-native-epoll-4.1.53.Final-linux-x86_64.jar:/Users/ivankatumba/.m2/repository/io/netty/netty-transport-native-kqueue/4.1.53.Final/netty-transport-native-kqueue-4.1.53.Final-osx-x86_64.jar:/Users/ivankatumba/.m2/repository/org/reactivestreams/reactive-streams/1.0.3/reactive-streams-1.0.3.jar:/Users/ivankatumba/.m2/repository/com/typesafe/netty/netty-reactive-streams/2.0.4/netty-reactive-streams-2.0.4.jar:/Users/ivankatumba/.m2/repository/com/sun/activation/jakarta.activation/1.2.2/jakarta.activation-1.2.2.jar:/Users/ivankatumba/.m2/repository/org/seleniumhq/selenium/selenium-safari-driver/4.0.0-beta-3/selenium-safari-driver-4.0.0-beta-3.jar:/Users/ivankatumba/.m2/repository/org/seleniumhq/selenium/selenium-support/4.0.0-beta-3/selenium-support-4.0.0-beta-3.jar:/Users/ivankatumba/.m2/repository/com/imalittletester/thewaiter/1.0/thewaiter-1.0.jar:/Users/ivankatumba/.m2/repository/org/seleniumhq/selenium/selenium-server/4.0.0-alpha-2/selenium-server-4.0.0-alpha-2.jar:/Users/ivankatumba/.m2/repository/org/seleniumhq/selenium/grid/4.0.0-alpha-2/grid-4.0.0-alpha-2.jar:/Users/ivankatumba/.m2/repository/org/seleniumhq/selenium/selenium-edgehtml-driver/4.0.0-alpha-2/selenium-edgehtml-driver-4.0.0-alpha-2.jar:/Users/ivankatumba/.m2/repository/org/seleniumhq/selenium/jetty-repacked/9.4.12.v20180830.1/jetty-repacked-9.4.12.v20180830.1.jar:/Users/ivankatumba/.m2/repository/javax/servlet/javax.servlet-api/3.1.0/javax.servlet-api-3.1.0.jar:/Users/ivankatumba/.m2/repository/org/zeromq/jeromq/0.5.1/jeromq-0.5.1.jar:/Users/ivankatumba/.m2/repository/eu/neilalexander/jnacl/1.0.0/jnacl-1.0.0.jar:/Users/ivankatumba/.m2/repository/net/jcip/jcip-annotations/1.0/jcip-annotations-1.0.jar:/Users/ivankatumba/.m2/repository/org/yaml/snakeyaml/1.24/snakeyaml-1.24.jar:/Users/ivankatumba/.m2/repository/org/testng/testng/7.4.0/testng-7.4.0.jar:/Users/ivankatumba/.m2/repository/com/beust/jcommander/1.78/jcommander-1.78.jar:/Users/ivankatumba/.m2/repository/org/webjars/jquery/3.5.1/jquery-3.5.1.jar:/Users/ivankatumba/.m2/repository/joda-time/joda-time/2.9.6/joda-time-2.9.6.jar:/Users/ivankatumba/.m2/repository/org/apache/commons/commons-collections4/4.1/commons-collections4-4.1.jar:/Users/ivankatumba/.m2/repository/org/apache/commons/commons-configuration2/2.7/commons-configuration2-2.7.jar:/Users/ivankatumba/.m2/repository/org/apache/commons/commons-lang3/3.9/commons-lang3-3.9.jar:/Users/ivankatumba/.m2/repository/org/apache/commons/commons-text/1.8/commons-text-1.8.jar:/Users/ivankatumba/.m2/repository/commons-logging/commons-logging/1.2/commons-logging-1.2.jar:/Users/ivankatumba/.m2/repository/org/assertj/assertj-core/3.19.0/assertj-core-3.19.0.jar:/Users/ivankatumba/.m2/repository/com/github/javafaker/javafaker/1.0.2/javafaker-1.0.2.jar:/Users/ivankatumba/.m2/repository/org/yaml/snakeyaml/1.23/snakeyaml-1.23-android.jar:/Users/ivankatumba/.m2/repository/com/github/mifmif/generex/1.0.2/generex-1.0.2.jar:/Users/ivankatumba/.m2/repository/dk/brics/automaton/automaton/1.11-8/automaton-1.11-8.jar:/Users/ivankatumba/.m2/repository/org/apache/logging/log4j/log4j-api/2.17.1/log4j-api-2.17.1.jar:/Users/ivankatumba/.m2/repository/org/apache/logging/log4j/log4j-core/2.17.1/log4j-core-2.17.1.jar:/Users/ivankatumba/.m2/repository/org/apache/logging/log4j/log4j-slf4j-impl/2.17.1/log4j-slf4j-impl-2.17.1.jar:/Users/ivankatumba/.m2/repository/org/slf4j/slf4j-api/1.7.25/slf4j-api-1.7.25.jar:/Users/ivankatumba/.m2/repository/org/aeonbits/owner/owner/1.0.12/owner-1.0.12.jar:/Users/ivankatumba/.m2/repository/io/github/bonigarcia/webdrivermanager/4.4.3/webdrivermanager-4.4.3.jar:/Users/ivankatumba/.m2/repository/commons-io/commons-io/2.8.0/commons-io-2.8.0.jar:/Users/ivankatumba/.m2/repository/com/google/code/gson/gson/2.8.6/gson-2.8.6.jar:/Users/ivankatumba/.m2/repository/org/apache/httpcomponents/client5/httpclient5/5.0.3/httpclient5-5.0.3.jar:/Users/ivankatumba/.m2/repository/org/apache/httpcomponents/core5/httpcore5/5.0.2/httpcore5-5.0.2.jar:/Users/ivankatumba/.m2/repository/org/apache/httpcomponents/core5/httpcore5-h2/5.0.2/httpcore5-h2-5.0.2.jar:/Users/ivankatumba/.m2/repository/org/rauschig/jarchivelib/1.1.0/jarchivelib-1.1.0.jar:/Users/ivankatumba/.m2/repository/org/jsoup/jsoup/1.13.1/jsoup-1.13.1.jar:/Users/ivankatumba/.m2/repository/io/qameta/allure/allure-testng/2.14.0/allure-testng-2.14.0.jar:/Users/ivankatumba/.m2/repository/io/qameta/allure/allure-java-commons/2.14.0/allure-java-commons-2.14.0.jar:/Users/ivankatumba/.m2/repository/io/qameta/allure/allure-model/2.14.0/allure-model-2.14.0.jar:/Users/ivankatumba/.m2/repository/org/apache/tika/tika-core/1.26/tika-core-1.26.jar:/Users/ivankatumba/.m2/repository/javax/xml/bind/jaxb-api/2.3.1/jaxb-api-2.3.1.jar:/Users/ivankatumba/.m2/repository/javax/activation/javax.activation-api/1.2.0/javax.activation-api-1.2.0.jar:/Users/ivankatumba/.m2/repository/org/jooq/joor-java-8/0.9.14/joor-java-8-0.9.14.jar:/Users/ivankatumba/.m2/repository/io/qameta/allure/allure-test-filter/2.14.0/allure-test-filter-2.14.0.jar:/Users/ivankatumba/.m2/repository/io/qameta/allure/allure-attachments/2.14.0/allure-attachments-2.14.0.jar:/Users/ivankatumba/.m2/repository/org/freemarker/freemarker/2.3.31/freemarker-2.3.31.jar:/Users/ivankatumba/.m2/repository/com/github/automatedowl/allure-environment-writer/1.0.0/allure-environment-writer-1.0.0.jar:/Users/ivankatumba/.m2/repository/com/google/guava/guava/27.0-jre/guava-27.0-jre.jar:/Users/ivankatumba/.m2/repository/com/google/guava/failureaccess/1.0/failureaccess-1.0.jar:/Users/ivankatumba/.m2/repository/com/google/guava/listenablefuture/9999.0-empty-to-avoid-conflict-with-guava/listenablefuture-9999.0-empty-to-avoid-conflict-with-guava.jar:/Users/ivankatumba/.m2/repository/com/google/code/findbugs/jsr305/3.0.2/jsr305-3.0.2.jar:/Users/ivankatumba/.m2/repository/org/checkerframework/checker-qual/2.5.2/checker-qual-2.5.2.jar:/Users/ivankatumba/.m2/repository/com/google/errorprone/error_prone_annotations/2.2.0/error_prone_annotations-2.2.0.jar:/Users/ivankatumba/.m2/repository/com/google/j2objc/j2objc-annotations/1.1/j2objc-annotations-1.1.jar:/Users/ivankatumba/.m2/repository/org/codehaus/mojo/animal-sniffer-annotations/1.17/animal-sniffer-annotations-1.17.jar:/Users/ivankatumba/.m2/repository/io/qameta/allure/allure-rest-assured/2.14.0/allure-rest-assured-2.14.0.jar:/Users/ivankatumba/.m2/repository/com/fasterxml/jackson/core/jackson-databind/2.12.4/jackson-databind-2.12.4.jar:/Users/ivankatumba/.m2/repository/com/fasterxml/jackson/core/jackson-annotations/2.12.4/jackson-annotations-2.12.4.jar:/Users/ivankatumba/.m2/repository/com/fasterxml/jackson/core/jackson-core/2.12.4/jackson-core-2.12.4.jar:/Users/ivankatumba/.m2/repository/io/rest-assured/rest-assured/4.4.0/rest-assured-4.4.0.jar:/Users/ivankatumba/.m2/repository/org/codehaus/groovy/groovy/3.0.8/groovy-3.0.8.jar:/Users/ivankatumba/.m2/repository/org/codehaus/groovy/groovy-xml/3.0.8/groovy-xml-3.0.8.jar:/Users/ivankatumba/.m2/repository/org/apache/httpcomponents/httpclient/4.5.13/httpclient-4.5.13.jar:/Users/ivankatumba/.m2/repository/org/apache/httpcomponents/httpcore/4.4.13/httpcore-4.4.13.jar:/Users/ivankatumba/.m2/repository/org/apache/httpcomponents/httpmime/4.5.13/httpmime-4.5.13.jar:/Users/ivankatumba/.m2/repository/org/hamcrest/hamcrest/2.1/hamcrest-2.1.jar:/Users/ivankatumba/.m2/repository/org/ccil/cowan/tagsoup/tagsoup/1.2.1/tagsoup-1.2.1.jar:/Users/ivankatumba/.m2/repository/io/rest-assured/json-path/4.4.0/json-path-4.4.0.jar:/Users/ivankatumba/.m2/repository/org/codehaus/groovy/groovy-json/3.0.8/groovy-json-3.0.8.jar:/Users/ivankatumba/.m2/repository/io/rest-assured/rest-assured-common/4.4.0/rest-assured-common-4.4.0.jar:/Users/ivankatumba/.m2/repository/io/rest-assured/xml-path/4.4.0/xml-path-4.4.0.jar:/Users/ivankatumba/.m2/repository/jakarta/xml/bind/jakarta.xml.bind-api/2.3.3/jakarta.xml.bind-api-2.3.3.jar:/Users/ivankatumba/.m2/repository/jakarta/activation/jakarta.activation-api/1.2.2/jakarta.activation-api-1.2.2.jar:/Users/ivankatumba/.m2/repository/com/sun/xml/bind/jaxb-impl/2.3.3/jaxb-impl-2.3.3.jar:/Users/ivankatumba/.m2/repository/org/json/json/20210307/json-20210307.jar:/Users/ivankatumba/.m2/repository/com/microsoft/sqlserver/mssql-jdbc/6.1.0.jre8/mssql-jdbc-6.1.0.jre8.jar:/Users/ivankatumba/.m2/repository/com/microsoft/azure/azure-keyvault/0.9.3/azure-keyvault-0.9.3.jar:/Users/ivankatumba/.m2/repository/com/microsoft/azure/azure-core/0.9.3/azure-core-0.9.3.jar:/Users/ivankatumba/.m2/repository/commons-lang/commons-lang/2.6/commons-lang-2.6.jar:/Users/ivankatumba/.m2/repository/javax/mail/mail/1.4.5/mail-1.4.5.jar:/Users/ivankatumba/.m2/repository/com/sun/jersey/jersey-client/1.13/jersey-client-1.13.jar:/Users/ivankatumba/.m2/repository/com/sun/jersey/jersey-core/1.13/jersey-core-1.13.jar:/Users/ivankatumba/.m2/repository/com/sun/jersey/jersey-json/1.13/jersey-json-1.13.jar:/Users/ivankatumba/.m2/repository/org/codehaus/jettison/jettison/1.1/jettison-1.1.jar:/Users/ivankatumba/.m2/repository/stax/stax-api/1.0.1/stax-api-1.0.1.jar:/Users/ivankatumba/.m2/repository/org/codehaus/jackson/jackson-core-asl/1.9.2/jackson-core-asl-1.9.2.jar:/Users/ivankatumba/.m2/repository/org/codehaus/jackson/jackson-mapper-asl/1.9.2/jackson-mapper-asl-1.9.2.jar:/Users/ivankatumba/.m2/repository/org/codehaus/jackson/jackson-jaxrs/1.9.2/jackson-jaxrs-1.9.2.jar:/Users/ivankatumba/.m2/repository/org/codehaus/jackson/jackson-xc/1.9.2/jackson-xc-1.9.2.jar:/Users/ivankatumba/.m2/repository/javax/inject/javax.inject/1/javax.inject-1.jar:/Users/ivankatumba/.m2/repository/com/microsoft/azure/adal4j/1.0.0/adal4j-1.0.0.jar:/Users/ivankatumba/.m2/repository/com/nimbusds/oauth2-oidc-sdk/4.5/oauth2-oidc-sdk-4.5.jar:/Users/ivankatumba/.m2/repository/net/minidev/json-smart/1.1.1/json-smart-1.1.1.jar:/Users/ivankatumba/.m2/repository/com/nimbusds/lang-tag/1.4/lang-tag-1.4.jar:/Users/ivankatumba/.m2/repository/com/nimbusds/nimbus-jose-jwt/3.1.2/nimbus-jose-jwt-3.1.2.jar:/Users/ivankatumba/.m2/repository/org/bouncycastle/bcprov-jdk15on/1.51/bcprov-jdk15on-1.51.jar:/Users/ivankatumba/.m2/repository/com/sun/mail/javax.mail/1.6.2/javax.mail-1.6.2.jar:/Users/ivankatumba/.m2/repository/javax/activation/activation/1.1/activation-1.1.jar:/Users/ivankatumba/.m2/repository/org/mongodb/mongodb-driver-sync/4.2.3/mongodb-driver-sync-4.2.3.jar:/Users/ivankatumba/.m2/repository/org/mongodb/bson/4.2.3/bson-4.2.3.jar:/Users/ivankatumba/.m2/repository/org/mongodb/mongodb-driver-core/4.2.3/mongodb-driver-core-4.2.3.jar:/Users/ivankatumba/.m2/repository/org/mongodb/mongodb-crypt/1.2.0/mongodb-crypt-1.2.0.jar:/Users/ivankatumba/.m2/repository/net/java/dev/jna/jna/5.6.0/jna-5.6.0.jar:/Users/ivankatumba/.m2/repository/org/apache/poi/poi/5.2.0/poi-5.2.0.jar:/Users/ivankatumba/.m2/repository/commons-codec/commons-codec/1.15/commons-codec-1.15.jar:/Users/ivankatumba/.m2/repository/org/apache/commons/commons-math3/3.6.1/commons-math3-3.6.1.jar:/Users/ivankatumba/.m2/repository/com/zaxxer/SparseBitSet/1.2/SparseBitSet-1.2.jar:/Users/ivankatumba/.m2/repository/org/apache/poi/poi-ooxml/5.2.0/poi-ooxml-5.2.0.jar:/Users/ivankatumba/.m2/repository/org/apache/poi/poi-ooxml-lite/5.2.0/poi-ooxml-lite-5.2.0.jar:/Users/ivankatumba/.m2/repository/org/apache/xmlbeans/xmlbeans/5.0.3/xmlbeans-5.0.3.jar:/Users/ivankatumba/.m2/repository/org/apache/commons/commons-compress/1.21/commons-compress-1.21.jar:/Users/ivankatumba/.m2/repository/com/github/virtuald/curvesapi/1.06/curvesapi-1.06.jar:/Users/ivankatumba/.m2/repository/org/apache/poi/poi-ooxml-schemas/3.9/poi-ooxml-schemas-3.9.jar:/Users/ivankatumba/.m2/repository/org/apache/poi/poi-scratchpad/5.2.1/poi-scratchpad-5.2.1.jar:/Users/ivankatumba/.m2/repository/org/apache/poi/ooxml-schemas/1.1/ooxml-schemas-1.1.jar:/Users/ivankatumba/.m2/repository/org/apache/poi/openxml4j/1.0-beta/openxml4j-1.0-beta.jar:/Users/ivankatumba/.m2/repository/dom4j/dom4j/1.6.1/dom4j-1.6.1.jar:/Users/ivankatumba/.m2/repository/xml-apis/xml-apis/1.0.b2/xml-apis-1.0.b2.jar:/Users/ivankatumba/.m2/repository/log4j/log4j/1.2.8/log4j-1.2.8.jar:"/>
    <property name="java.vm.vendor" value="Homebrew"/>
    <property name="sun.arch.data.model" value="64"/>
    <property name="java.vendor.url" value="https://github.com/Homebrew/homebrew-core/issues"/>
    <property name="user.timezone" value="America/Chicago"/>
    <property name="os.name" value="Mac OS X"/>
    <property name="java.vm.specification.version" value="18"/>
    <property name="sun.java.launcher" value="SUN_STANDARD"/>
    <property name="user.country" value="US"/>
    <property name="sun.boot.library.path" value="/usr/local/Cellar/openjdk/18.0.1.1/libexec/openjdk.jdk/Contents/Home/lib"/>
    <property name="sun.java.command" value="/Users/ivankatumba/Documents/Finexio/target/surefire/surefirebooter18027021168200438066.jar /Users/ivankatumba/Documents/Finexio/target/surefire 2022-06-02T14-05-44_738-jvmRun1 surefire17325534544784162716tmp surefire_015187732761000463190tmp"/>
    <property name="http.nonProxyHosts" value="local|*.local|169.254/16|*.169.254/16"/>
    <property name="jdk.debug" value="release"/>
    <property name="surefire.test.class.path" value="/Users/ivankatumba/Documents/Finexio/target/test-classes:/Users/ivankatumba/Documents/Finexio/target/classes:/Users/ivankatumba/.m2/repository/org/seleniumhq/selenium/selenium-java/4.0.0-beta-3/selenium-java-4.0.0-beta-3.jar:/Users/ivankatumba/.m2/repository/org/seleniumhq/selenium/selenium-api/4.0.0-beta-3/selenium-api-4.0.0-beta-3.jar:/Users/ivankatumba/.m2/repository/org/seleniumhq/selenium/selenium-chrome-driver/4.0.0-beta-3/selenium-chrome-driver-4.0.0-beta-3.jar:/Users/ivankatumba/.m2/repository/com/google/auto/service/auto-service-annotations/1.0-rc7/auto-service-annotations-1.0-rc7.jar:/Users/ivankatumba/.m2/repository/com/google/auto/service/auto-service/1.0-rc7/auto-service-1.0-rc7.jar:/Users/ivankatumba/.m2/repository/com/google/auto/auto-common/0.10/auto-common-0.10.jar:/Users/ivankatumba/.m2/repository/org/seleniumhq/selenium/selenium-chromium-driver/4.0.0-beta-3/selenium-chromium-driver-4.0.0-beta-3.jar:/Users/ivankatumba/.m2/repository/org/seleniumhq/selenium/selenium-devtools/4.0.0-beta-3/selenium-devtools-4.0.0-beta-3.jar:/Users/ivankatumba/.m2/repository/org/seleniumhq/selenium/selenium-http/4.0.0-beta-3/selenium-http-4.0.0-beta-3.jar:/Users/ivankatumba/.m2/repository/org/seleniumhq/selenium/selenium-json/4.0.0-beta-3/selenium-json-4.0.0-beta-3.jar:/Users/ivankatumba/.m2/repository/org/seleniumhq/selenium/selenium-devtools-v85/4.0.0-beta-3/selenium-devtools-v85-4.0.0-beta-3.jar:/Users/ivankatumba/.m2/repository/org/seleniumhq/selenium/selenium-devtools-v88/4.0.0-beta-3/selenium-devtools-v88-4.0.0-beta-3.jar:/Users/ivankatumba/.m2/repository/org/seleniumhq/selenium/selenium-devtools-v89/4.0.0-beta-3/selenium-devtools-v89-4.0.0-beta-3.jar:/Users/ivankatumba/.m2/repository/org/seleniumhq/selenium/selenium-devtools-v90/4.0.0-beta-3/selenium-devtools-v90-4.0.0-beta-3.jar:/Users/ivankatumba/.m2/repository/org/seleniumhq/selenium/selenium-devtools-v91/4.0.0-beta-3/selenium-devtools-v91-4.0.0-beta-3.jar:/Users/ivankatumba/.m2/repository/org/seleniumhq/selenium/selenium-edge-driver/4.0.0-beta-3/selenium-edge-driver-4.0.0-beta-3.jar:/Users/ivankatumba/.m2/repository/org/seleniumhq/selenium/selenium-firefox-driver/4.0.0-beta-3/selenium-firefox-driver-4.0.0-beta-3.jar:/Users/ivankatumba/.m2/repository/org/seleniumhq/selenium/selenium-firefox-xpi-driver/4.0.0-beta-3/selenium-firefox-xpi-driver-4.0.0-beta-3.jar:/Users/ivankatumba/.m2/repository/org/seleniumhq/selenium/selenium-ie-driver/4.0.0-beta-3/selenium-ie-driver-4.0.0-beta-3.jar:/Users/ivankatumba/.m2/repository/org/seleniumhq/selenium/selenium-opera-driver/4.0.0-beta-3/selenium-opera-driver-4.0.0-beta-3.jar:/Users/ivankatumba/.m2/repository/org/seleniumhq/selenium/selenium-remote-driver/4.0.0-beta-3/selenium-remote-driver-4.0.0-beta-3.jar:/Users/ivankatumba/.m2/repository/io/netty/netty-buffer/4.1.58.Final/netty-buffer-4.1.58.Final.jar:/Users/ivankatumba/.m2/repository/io/netty/netty-codec-http/4.1.58.Final/netty-codec-http-4.1.58.Final.jar:/Users/ivankatumba/.m2/repository/io/netty/netty-codec/4.1.58.Final/netty-codec-4.1.58.Final.jar:/Users/ivankatumba/.m2/repository/io/netty/netty-handler/4.1.58.Final/netty-handler-4.1.58.Final.jar:/Users/ivankatumba/.m2/repository/io/netty/netty-common/4.1.58.Final/netty-common-4.1.58.Final.jar:/Users/ivankatumba/.m2/repository/io/netty/netty-transport-native-epoll/4.1.58.Final/netty-transport-native-epoll-4.1.58.Final.jar:/Users/ivankatumba/.m2/repository/io/netty/netty-transport-native-kqueue/4.1.58.Final/netty-transport-native-kqueue-4.1.58.Final.jar:/Users/ivankatumba/.m2/repository/io/netty/netty-transport-native-unix-common/4.1.58.Final/netty-transport-native-unix-common-4.1.58.Final.jar:/Users/ivankatumba/.m2/repository/io/netty/netty-transport/4.1.58.Final/netty-transport-4.1.58.Final.jar:/Users/ivankatumba/.m2/repository/io/netty/netty-resolver/4.1.58.Final/netty-resolver-4.1.58.Final.jar:/Users/ivankatumba/.m2/repository/io/opentelemetry/opentelemetry-api/1.0.0/opentelemetry-api-1.0.0.jar:/Users/ivankatumba/.m2/repository/io/opentelemetry/opentelemetry-context/1.0.0/opentelemetry-context-1.0.0.jar:/Users/ivankatumba/.m2/repository/io/opentelemetry/opentelemetry-exporter-logging/1.0.0/opentelemetry-exporter-logging-1.0.0.jar:/Users/ivankatumba/.m2/repository/io/opentelemetry/opentelemetry-sdk-metrics/1.0.0-alpha/opentelemetry-sdk-metrics-1.0.0-alpha.jar:/Users/ivankatumba/.m2/repository/io/opentelemetry/opentelemetry-sdk-common/1.0.0/opentelemetry-sdk-common-1.0.0.jar:/Users/ivankatumba/.m2/repository/io/opentelemetry/opentelemetry-sdk-extension-autoconfigure/1.0.0-alpha/opentelemetry-sdk-extension-autoconfigure-1.0.0-alpha.jar:/Users/ivankatumba/.m2/repository/io/opentelemetry/opentelemetry-sdk-trace/1.0.0/opentelemetry-sdk-trace-1.0.0.jar:/Users/ivankatumba/.m2/repository/io/opentelemetry/opentelemetry-api-metrics/1.0.0-alpha/opentelemetry-api-metrics-1.0.0-alpha.jar:/Users/ivankatumba/.m2/repository/io/opentelemetry/opentelemetry-sdk/1.0.0/opentelemetry-sdk-1.0.0.jar:/Users/ivankatumba/.m2/repository/io/opentelemetry/opentelemetry-semconv/1.0.0-alpha/opentelemetry-semconv-1.0.0-alpha.jar:/Users/ivankatumba/.m2/repository/net/bytebuddy/byte-buddy/1.10.19/byte-buddy-1.10.19.jar:/Users/ivankatumba/.m2/repository/org/apache/commons/commons-exec/1.3/commons-exec-1.3.jar:/Users/ivankatumba/.m2/repository/org/asynchttpclient/async-http-client/2.12.2/async-http-client-2.12.2.jar:/Users/ivankatumba/.m2/repository/org/asynchttpclient/async-http-client-netty-utils/2.12.2/async-http-client-netty-utils-2.12.2.jar:/Users/ivankatumba/.m2/repository/io/netty/netty-codec-socks/4.1.53.Final/netty-codec-socks-4.1.53.Final.jar:/Users/ivankatumba/.m2/repository/io/netty/netty-handler-proxy/4.1.53.Final/netty-handler-proxy-4.1.53.Final.jar:/Users/ivankatumba/.m2/repository/io/netty/netty-transport-native-epoll/4.1.53.Final/netty-transport-native-epoll-4.1.53.Final-linux-x86_64.jar:/Users/ivankatumba/.m2/repository/io/netty/netty-transport-native-kqueue/4.1.53.Final/netty-transport-native-kqueue-4.1.53.Final-osx-x86_64.jar:/Users/ivankatumba/.m2/repository/org/reactivestreams/reactive-streams/1.0.3/reactive-streams-1.0.3.jar:/Users/ivankatumba/.m2/repository/com/typesafe/netty/netty-reactive-streams/2.0.4/netty-reactive-streams-2.0.4.jar:/Users/ivankatumba/.m2/repository/com/sun/activation/jakarta.activation/1.2.2/jakarta.activation-1.2.2.jar:/Users/ivankatumba/.m2/repository/org/seleniumhq/selenium/selenium-safari-driver/4.0.0-beta-3/selenium-safari-driver-4.0.0-beta-3.jar:/Users/ivankatumba/.m2/repository/org/seleniumhq/selenium/selenium-support/4.0.0-beta-3/selenium-support-4.0.0-beta-3.jar:/Users/ivankatumba/.m2/repository/com/imalittletester/thewaiter/1.0/thewaiter-1.0.jar:/Users/ivankatumba/.m2/repository/org/seleniumhq/selenium/selenium-server/4.0.0-alpha-2/selenium-server-4.0.0-alpha-2.jar:/Users/ivankatumba/.m2/repository/org/seleniumhq/selenium/grid/4.0.0-alpha-2/grid-4.0.0-alpha-2.jar:/Users/ivankatumba/.m2/repository/org/seleniumhq/selenium/selenium-edgehtml-driver/4.0.0-alpha-2/selenium-edgehtml-driver-4.0.0-alpha-2.jar:/Users/ivankatumba/.m2/repository/org/seleniumhq/selenium/jetty-repacked/9.4.12.v20180830.1/jetty-repacked-9.4.12.v20180830.1.jar:/Users/ivankatumba/.m2/repository/javax/servlet/javax.servlet-api/3.1.0/javax.servlet-api-3.1.0.jar:/Users/ivankatumba/.m2/repository/org/zeromq/jeromq/0.5.1/jeromq-0.5.1.jar:/Users/ivankatumba/.m2/repository/eu/neilalexander/jnacl/1.0.0/jnacl-1.0.0.jar:/Users/ivankatumba/.m2/repository/net/jcip/jcip-annotations/1.0/jcip-annotations-1.0.jar:/Users/ivankatumba/.m2/repository/org/yaml/snakeyaml/1.24/snakeyaml-1.24.jar:/Users/ivankatumba/.m2/repository/org/testng/testng/7.4.0/testng-7.4.0.jar:/Users/ivankatumba/.m2/repository/com/beust/jcommander/1.78/jcommander-1.78.jar:/Users/ivankatumba/.m2/repository/org/webjars/jquery/3.5.1/jquery-3.5.1.jar:/Users/ivankatumba/.m2/repository/joda-time/joda-time/2.9.6/joda-time-2.9.6.jar:/Users/ivankatumba/.m2/repository/org/apache/commons/commons-collections4/4.1/commons-collections4-4.1.jar:/Users/ivankatumba/.m2/repository/org/apache/commons/commons-configuration2/2.7/commons-configuration2-2.7.jar:/Users/ivankatumba/.m2/repository/org/apache/commons/commons-lang3/3.9/commons-lang3-3.9.jar:/Users/ivankatumba/.m2/repository/org/apache/commons/commons-text/1.8/commons-text-1.8.jar:/Users/ivankatumba/.m2/repository/commons-logging/commons-logging/1.2/commons-logging-1.2.jar:/Users/ivankatumba/.m2/repository/org/assertj/assertj-core/3.19.0/assertj-core-3.19.0.jar:/Users/ivankatumba/.m2/repository/com/github/javafaker/javafaker/1.0.2/javafaker-1.0.2.jar:/Users/ivankatumba/.m2/repository/org/yaml/snakeyaml/1.23/snakeyaml-1.23-android.jar:/Users/ivankatumba/.m2/repository/com/github/mifmif/generex/1.0.2/generex-1.0.2.jar:/Users/ivankatumba/.m2/repository/dk/brics/automaton/automaton/1.11-8/automaton-1.11-8.jar:/Users/ivankatumba/.m2/repository/org/apache/logging/log4j/log4j-api/2.17.1/log4j-api-2.17.1.jar:/Users/ivankatumba/.m2/repository/org/apache/logging/log4j/log4j-core/2.17.1/log4j-core-2.17.1.jar:/Users/ivankatumba/.m2/repository/org/apache/logging/log4j/log4j-slf4j-impl/2.17.1/log4j-slf4j-impl-2.17.1.jar:/Users/ivankatumba/.m2/repository/org/slf4j/slf4j-api/1.7.25/slf4j-api-1.7.25.jar:/Users/ivankatumba/.m2/repository/org/aeonbits/owner/owner/1.0.12/owner-1.0.12.jar:/Users/ivankatumba/.m2/repository/io/github/bonigarcia/webdrivermanager/4.4.3/webdrivermanager-4.4.3.jar:/Users/ivankatumba/.m2/repository/commons-io/commons-io/2.8.0/commons-io-2.8.0.jar:/Users/ivankatumba/.m2/repository/com/google/code/gson/gson/2.8.6/gson-2.8.6.jar:/Users/ivankatumba/.m2/repository/org/apache/httpcomponents/client5/httpclient5/5.0.3/httpclient5-5.0.3.jar:/Users/ivankatumba/.m2/repository/org/apache/httpcomponents/core5/httpcore5/5.0.2/httpcore5-5.0.2.jar:/Users/ivankatumba/.m2/repository/org/apache/httpcomponents/core5/httpcore5-h2/5.0.2/httpcore5-h2-5.0.2.jar:/Users/ivankatumba/.m2/repository/org/rauschig/jarchivelib/1.1.0/jarchivelib-1.1.0.jar:/Users/ivankatumba/.m2/repository/org/jsoup/jsoup/1.13.1/jsoup-1.13.1.jar:/Users/ivankatumba/.m2/repository/io/qameta/allure/allure-testng/2.14.0/allure-testng-2.14.0.jar:/Users/ivankatumba/.m2/repository/io/qameta/allure/allure-java-commons/2.14.0/allure-java-commons-2.14.0.jar:/Users/ivankatumba/.m2/repository/io/qameta/allure/allure-model/2.14.0/allure-model-2.14.0.jar:/Users/ivankatumba/.m2/repository/org/apache/tika/tika-core/1.26/tika-core-1.26.jar:/Users/ivankatumba/.m2/repository/javax/xml/bind/jaxb-api/2.3.1/jaxb-api-2.3.1.jar:/Users/ivankatumba/.m2/repository/javax/activation/javax.activation-api/1.2.0/javax.activation-api-1.2.0.jar:/Users/ivankatumba/.m2/repository/org/jooq/joor-java-8/0.9.14/joor-java-8-0.9.14.jar:/Users/ivankatumba/.m2/repository/io/qameta/allure/allure-test-filter/2.14.0/allure-test-filter-2.14.0.jar:/Users/ivankatumba/.m2/repository/io/qameta/allure/allure-attachments/2.14.0/allure-attachments-2.14.0.jar:/Users/ivankatumba/.m2/repository/org/freemarker/freemarker/2.3.31/freemarker-2.3.31.jar:/Users/ivankatumba/.m2/repository/com/github/automatedowl/allure-environment-writer/1.0.0/allure-environment-writer-1.0.0.jar:/Users/ivankatumba/.m2/repository/com/google/guava/guava/27.0-jre/guava-27.0-jre.jar:/Users/ivankatumba/.m2/repository/com/google/guava/failureaccess/1.0/failureaccess-1.0.jar:/Users/ivankatumba/.m2/repository/com/google/guava/listenablefuture/9999.0-empty-to-avoid-conflict-with-guava/listenablefuture-9999.0-empty-to-avoid-conflict-with-guava.jar:/Users/ivankatumba/.m2/repository/com/google/code/findbugs/jsr305/3.0.2/jsr305-3.0.2.jar:/Users/ivankatumba/.m2/repository/org/checkerframework/checker-qual/2.5.2/checker-qual-2.5.2.jar:/Users/ivankatumba/.m2/repository/com/google/errorprone/error_prone_annotations/2.2.0/error_prone_annotations-2.2.0.jar:/Users/ivankatumba/.m2/repository/com/google/j2objc/j2objc-annotations/1.1/j2objc-annotations-1.1.jar:/Users/ivankatumba/.m2/repository/org/codehaus/mojo/animal-sniffer-annotations/1.17/animal-sniffer-annotations-1.17.jar:/Users/ivankatumba/.m2/repository/io/qameta/allure/allure-rest-assured/2.14.0/allure-rest-assured-2.14.0.jar:/Users/ivankatumba/.m2/repository/com/fasterxml/jackson/core/jackson-databind/2.12.4/jackson-databind-2.12.4.jar:/Users/ivankatumba/.m2/repository/com/fasterxml/jackson/core/jackson-annotations/2.12.4/jackson-annotations-2.12.4.jar:/Users/ivankatumba/.m2/repository/com/fasterxml/jackson/core/jackson-core/2.12.4/jackson-core-2.12.4.jar:/Users/ivankatumba/.m2/repository/io/rest-assured/rest-assured/4.4.0/rest-assured-4.4.0.jar:/Users/ivankatumba/.m2/repository/org/codehaus/groovy/groovy/3.0.8/groovy-3.0.8.jar:/Users/ivankatumba/.m2/repository/org/codehaus/groovy/groovy-xml/3.0.8/groovy-xml-3.0.8.jar:/Users/ivankatumba/.m2/repository/org/apache/httpcomponents/httpclient/4.5.13/httpclient-4.5.13.jar:/Users/ivankatumba/.m2/repository/org/apache/httpcomponents/httpcore/4.4.13/httpcore-4.4.13.jar:/Users/ivankatumba/.m2/repository/org/apache/httpcomponents/httpmime/4.5.13/httpmime-4.5.13.jar:/Users/ivankatumba/.m2/repository/org/hamcrest/hamcrest/2.1/hamcrest-2.1.jar:/Users/ivankatumba/.m2/repository/org/ccil/cowan/tagsoup/tagsoup/1.2.1/tagsoup-1.2.1.jar:/Users/ivankatumba/.m2/repository/io/rest-assured/json-path/4.4.0/json-path-4.4.0.jar:/Users/ivankatumba/.m2/repository/org/codehaus/groovy/groovy-json/3.0.8/groovy-json-3.0.8.jar:/Users/ivankatumba/.m2/repository/io/rest-assured/rest-assured-common/4.4.0/rest-assured-common-4.4.0.jar:/Users/ivankatumba/.m2/repository/io/rest-assured/xml-path/4.4.0/xml-path-4.4.0.jar:/Users/ivankatumba/.m2/repository/jakarta/xml/bind/jakarta.xml.bind-api/2.3.3/jakarta.xml.bind-api-2.3.3.jar:/Users/ivankatumba/.m2/repository/jakarta/activation/jakarta.activation-api/1.2.2/jakarta.activation-api-1.2.2.jar:/Users/ivankatumba/.m2/repository/com/sun/xml/bind/jaxb-impl/2.3.3/jaxb-impl-2.3.3.jar:/Users/ivankatumba/.m2/repository/org/json/json/20210307/json-20210307.jar:/Users/ivankatumba/.m2/repository/com/microsoft/sqlserver/mssql-jdbc/6.1.0.jre8/mssql-jdbc-6.1.0.jre8.jar:/Users/ivankatumba/.m2/repository/com/microsoft/azure/azure-keyvault/0.9.3/azure-keyvault-0.9.3.jar:/Users/ivankatumba/.m2/repository/com/microsoft/azure/azure-core/0.9.3/azure-core-0.9.3.jar:/Users/ivankatumba/.m2/repository/commons-lang/commons-lang/2.6/commons-lang-2.6.jar:/Users/ivankatumba/.m2/repository/javax/mail/mail/1.4.5/mail-1.4.5.jar:/Users/ivankatumba/.m2/repository/com/sun/jersey/jersey-client/1.13/jersey-client-1.13.jar:/Users/ivankatumba/.m2/repository/com/sun/jersey/jersey-core/1.13/jersey-core-1.13.jar:/Users/ivankatumba/.m2/repository/com/sun/jersey/jersey-json/1.13/jersey-json-1.13.jar:/Users/ivankatumba/.m2/repository/org/codehaus/jettison/jettison/1.1/jettison-1.1.jar:/Users/ivankatumba/.m2/repository/stax/stax-api/1.0.1/stax-api-1.0.1.jar:/Users/ivankatumba/.m2/repository/org/codehaus/jackson/jackson-core-asl/1.9.2/jackson-core-asl-1.9.2.jar:/Users/ivankatumba/.m2/repository/org/codehaus/jackson/jackson-mapper-asl/1.9.2/jackson-mapper-asl-1.9.2.jar:/Users/ivankatumba/.m2/repository/org/codehaus/jackson/jackson-jaxrs/1.9.2/jackson-jaxrs-1.9.2.jar:/Users/ivankatumba/.m2/repository/org/codehaus/jackson/jackson-xc/1.9.2/jackson-xc-1.9.2.jar:/Users/ivankatumba/.m2/repository/javax/inject/javax.inject/1/javax.inject-1.jar:/Users/ivankatumba/.m2/repository/com/microsoft/azure/adal4j/1.0.0/adal4j-1.0.0.jar:/Users/ivankatumba/.m2/repository/com/nimbusds/oauth2-oidc-sdk/4.5/oauth2-oidc-sdk-4.5.jar:/Users/ivankatumba/.m2/repository/net/minidev/json-smart/1.1.1/json-smart-1.1.1.jar:/Users/ivankatumba/.m2/repository/com/nimbusds/lang-tag/1.4/lang-tag-1.4.jar:/Users/ivankatumba/.m2/repository/com/nimbusds/nimbus-jose-jwt/3.1.2/nimbus-jose-jwt-3.1.2.jar:/Users/ivankatumba/.m2/repository/org/bouncycastle/bcprov-jdk15on/1.51/bcprov-jdk15on-1.51.jar:/Users/ivankatumba/.m2/repository/com/sun/mail/javax.mail/1.6.2/javax.mail-1.6.2.jar:/Users/ivankatumba/.m2/repository/javax/activation/activation/1.1/activation-1.1.jar:/Users/ivankatumba/.m2/repository/org/mongodb/mongodb-driver-sync/4.2.3/mongodb-driver-sync-4.2.3.jar:/Users/ivankatumba/.m2/repository/org/mongodb/bson/4.2.3/bson-4.2.3.jar:/Users/ivankatumba/.m2/repository/org/mongodb/mongodb-driver-core/4.2.3/mongodb-driver-core-4.2.3.jar:/Users/ivankatumba/.m2/repository/org/mongodb/mongodb-crypt/1.2.0/mongodb-crypt-1.2.0.jar:/Users/ivankatumba/.m2/repository/net/java/dev/jna/jna/5.6.0/jna-5.6.0.jar:/Users/ivankatumba/.m2/repository/org/apache/poi/poi/5.2.0/poi-5.2.0.jar:/Users/ivankatumba/.m2/repository/commons-codec/commons-codec/1.15/commons-codec-1.15.jar:/Users/ivankatumba/.m2/repository/org/apache/commons/commons-math3/3.6.1/commons-math3-3.6.1.jar:/Users/ivankatumba/.m2/repository/com/zaxxer/SparseBitSet/1.2/SparseBitSet-1.2.jar:/Users/ivankatumba/.m2/repository/org/apache/poi/poi-ooxml/5.2.0/poi-ooxml-5.2.0.jar:/Users/ivankatumba/.m2/repository/org/apache/poi/poi-ooxml-lite/5.2.0/poi-ooxml-lite-5.2.0.jar:/Users/ivankatumba/.m2/repository/org/apache/xmlbeans/xmlbeans/5.0.3/xmlbeans-5.0.3.jar:/Users/ivankatumba/.m2/repository/org/apache/commons/commons-compress/1.21/commons-compress-1.21.jar:/Users/ivankatumba/.m2/repository/com/github/virtuald/curvesapi/1.06/curvesapi-1.06.jar:/Users/ivankatumba/.m2/repository/org/apache/poi/poi-ooxml-schemas/3.9/poi-ooxml-schemas-3.9.jar:/Users/ivankatumba/.m2/repository/org/apache/poi/poi-scratchpad/5.2.1/poi-scratchpad-5.2.1.jar:/Users/ivankatumba/.m2/repository/org/apache/poi/ooxml-schemas/1.1/ooxml-schemas-1.1.jar:/Users/ivankatumba/.m2/repository/org/apache/poi/openxml4j/1.0-beta/openxml4j-1.0-beta.jar:/Users/ivankatumba/.m2/repository/dom4j/dom4j/1.6.1/dom4j-1.6.1.jar:/Users/ivankatumba/.m2/repository/xml-apis/xml-apis/1.0.b2/xml-apis-1.0.b2.jar:/Users/ivankatumba/.m2/repository/log4j/log4j/1.2.8/log4j-1.2.8.jar:"/>
    <property name="allure.results.directory" value="target/allure-results"/>
    <property name="sun.cpu.endian" value="little"/>
    <property name="user.home" value="/Users/ivankatumba"/>
    <property name="user.language" value="en"/>
    <property name="java.specification.vendor" value="Oracle Corporation"/>
    <property name="java.version.date" value="2022-04-22"/>
    <property name="java.home" value="/usr/local/Cellar/openjdk/18.0.1.1/libexec/openjdk.jdk/Contents/Home"/>
    <property name="file.separator" value="/"/>
    <property name="basedir" value="/Users/ivankatumba/Documents/Finexio"/>
    <property name="java.vm.compressedOopsMode" value="Zero based"/>
    <property name="line.separator" value="&#10;"/>
    <property name="java.vm.specification.vendor" value="Oracle Corporation"/>
    <property name="java.specification.name" value="Java Platform API Specification"/>
    <property name="apple.awt.application.name" value="ForkedBooter"/>
    <property name="surefire.real.class.path" value="/Users/ivankatumba/Documents/Finexio/target/surefire/surefirebooter18027021168200438066.jar"/>
    <property name="sun.management.compiler" value="HotSpot 64-Bit Tiered Compilers"/>
    <property name="ftp.nonProxyHosts" value="local|*.local|169.254/16|*.169.254/16"/>
    <property name="java.runtime.version" value="18.0.1.1+0"/>
    <property name="user.name" value="ivankatumba"/>
    <property name="path.separator" value=":"/>
    <property name="os.version" value="12.4"/>
    <property name="java.runtime.name" value="OpenJDK Runtime Environment"/>
    <property name="file.encoding" value="UTF-8"/>
    <property name="java.vm.name" value="OpenJDK 64-Bit Server VM"/>
    <property name="java.vendor.version" value="Homebrew"/>
    <property name="localRepository" value="/Users/ivankatumba/.m2/repository"/>
    <property name="java.vendor.url.bug" value="https://github.com/Homebrew/homebrew-core/issues"/>
    <property name="java.io.tmpdir" value="/var/folders/kk/8mmx6dps6djcjn7km2qxjbkh0000gn/T/"/>
    <property name="java.version" value="18.0.1.1"/>
    <property name="user.dir" value="/Users/ivankatumba/Documents/Finexio"/>
    <property name="os.arch" value="x86_64"/>
    <property name="java.vm.specification.name" value="Java Virtual Machine Specification"/>
    <property name="native.encoding" value="UTF-8"/>
    <property name="environment" value="easydev"/>
    <property name="java.library.path" value="/Users/ivankatumba/Library/Java/Extensions:/Library/Java/Extensions:/Network/Library/Java/Extensions:/System/Library/Java/Extensions:/usr/lib/java:."/>
    <property name="suite" value="local"/>
    <property name="java.vm.info" value="mixed mode, sharing"/>
    <property name="java.vendor" value="Homebrew"/>
    <property name="java.vm.version" value="18.0.1.1+0"/>
    <property name="sun.io.unicode.encoding" value="UnicodeBig"/>
    <property name="socksNonProxyHosts" value="local|*.local|169.254/16|*.169.254/16"/>
    <property name="java.class.version" value="62.0"/>
  </properties>
  <testcase name="generateToken" classname="com.finexio.test.webservices.EasyAPI.SleepArchTxAppJourneyTest" time="10.07">
    <system-out><![CDATA[Allure environment data saved.
Collecting all Testcases to Update
File TestCaseList.xlsx is deleted.
TestCaseList.xlsx written successfully on disk.
Collecting all Testcases to Update
The Env Tests Running off of is: https://dev-api.gohfd.com/auth/v0
The response recieved from service call /connect/token
{
  "access_token" : "eyJhbGciOiJSU0EtT0FFUCIsImVuYyI6IkEyNTZDQkMtSFM1MTIiLCJraWQiOiIwQTNCMDI5MDdGNzVDQTgxQjg3QzRCRjEyQjAyNzMyMTY1RkY5MEQ3IiwidHlwIjoiYXQrand0In0.D_sXovNbWMBLdOogi_a6eDwHONGF3I_X-EgZFv-gHCKJLQ9p-diOzK0Xn4OCiThE3-uBjPwKkLGI4cADPAjKlGHUdJqZwyH3U38LROG8UTkBASWccVSnNL5iAc7SXhSyUjTLKPDtojLee3HNbOCRckt7TXv1H8UxH6hggusFumKc6W67JpTsTlkkAT9Cd9AtwJY2VPElbTiHARRXH1ZxntUTPURNE0Ttq-RK4Qmr4M0iVevHYagnyXeiEzwl7oirXHE9sT8rhqI00NOzhr41cDKUTj2T1xvmYhj5nme4le7UAQ65d67zfJ6qFj9qIfLfkd1i6gI8xs4CzUFXNNA5XQ.JNdpZqSxEnG-ycYRnA8j3g.0o2WNhTbNy2StHWxPu-ZgAifz0Cadu4W8ZNEyS33P-sTXydXOnyFcSSXMysKX9NHYIJzwxigP04i7bN9tgipbIKfoU2ESmgaWAhnxrJ91m2mckPsYw4VzzZRLILwOhAlZF_67JG4DjGN0Y3piSjoaPawfjZtYSJM9E_vSU-IUz-YhY-CGmI0LqUFwajbUv3ywYQ8WYtvTA03kCnrYEThORgpA2GPOGVSHUFT_N09hHbTWXnx6qpyUQSXYhRZ-9GDQUOi_s-EOIErSTjidHa082pa5hoWT5PxZQ63ev1BvrES9SgWBwO744yZJsHtHH78HPSCnm0m079J050dohK2rpqvS3icmHuVr4BjtgeOd3U3pe3KmBLTmSEHUYWdDbGKdLv6lNpLGCplwCpD1QWe1Hy6tpm5m4eLGCSogpL2gKZUwLmi0-Xqg2fG8V-HlPh1cJAY3bc8rQZUSoztJoTQT8XwQHeRk7f3M3LZQvUqoVmD1FMG2IG9lBTqTRl6s5GWTzO9LQiVh7UPNIJsPh5f83bIn29FnVHTpK7jfZjVBAityyYVgBLGjVEdLVUKCD0MZxmrclsoSqZgwBHBLAeHxVWEHvnz75aePrxGEG803R9V7U-3ipUs52o0QJkJReVKTDEm7y1fK0nRhEg1-3hKul_q2wUV1cpAeEwJv_-1nv5Z_0Nsz5G4g0ZP1BsfPmH4R0QPquK_cDQKNUq7nGiFHIrRhw0SoImnpsLAdnWyUD5MRlw3yAnrZmTBYruw5TasIBvoc5VDbd4kqxNwTkjfdwyxes6Bf7QCbA0SKkIMyRbIYMjDip6FXXEJJl4E5Jv_PcZNz6TpVFQ2USghiaEPjI0zpHM0H0FO95uMC_Nr4cban1kW9KdayFNP0ZFcVMJtp4wnAMgGkOojh4_QTrLvfvepVarkvkF11YusqLA_bphELkLWZ5cdz1VeFmFmM-TaYpa2yWstZRBi80tU1KceQCzi7-KWBb3Vs1TLzX5BJeOXk90W7LyYb8XqchnsmS_qpXLI52fpn09mwboWeQvScuG7HdG2iZ_gE33395j_76Q.iOU67fGZINOSnBXjZSg3d6Aak3-qaVijHgv0TiyZnZs",
  "token_type" : "Bearer",
  "expires_in" : 31535999
}
[INFO ] 2022-06-02 14:05:59.744 [TestNG-tests-1] AssertionUtil - verified that the Status 200 is returned
]]></system-out>
    <system-err><![CDATA[log4j:WARN No appenders could be found for logger (org.apache.http.impl.conn.BasicClientConnectionManager).
log4j:WARN Please initialize the log4j system properly.
]]></system-err>
  </testcase>
  <testcase name="startAppln" classname="com.finexio.test.webservices.EasyAPI.SleepArchTxAppJourneyTest" time="5.223">
    <system-out><![CDATA[passed **********
Collecting all Testcases to Update
The request sent to service /start
{
  "ProviderId" : "15357",
  "Options" : {
    "ShortenUrl" : true,
    "IsTest" : true,
    "DispatchTypes" : [ "SMS", "Email" ],
    "LinkExpirationInDays" : 90
  },
  "ReferenceId" : "AB93802983883",
  "Application" : {
    "Options" : {
      "IsForPrequalification" : true
    },
    "Treatment" : {
      "TotalCost" : 2000
    },
    "Applicants" : [ {
      "Type" : "primary",
      "Address" : {
        "StatoId" : "CA",
        "PostalCode" : "89845",
        "City" : "San Francisco",
        "CountryCode" : "US",
        "StreetLine2" : "Suite 89",
        "StreetLine1" : "89 Lake St"
      },
      "FirstName" : "John",
      "DOB" : "2002-01-04",
      "NationalId" : "123456789",
      "Communications" : [ {
        "Type" : "Email",
        "Priority" : 0,
        "Value" : "qaautomation@healthcarefinancedirect.com"
      }, {
        "Type" : "Mobile",
        "Priority" : 0,
        "Value" : "6615562886"
      } ],
      "LastName" : "Doe",
      "MonthlyIncome" : 1000
    } ]
  }
}
The Env Tests Running off of is: https://dev-api.gohfd.com/app/v0
The response recieved from service call /start
{
  "Result" : {
    "Links" : [ {
      "Url" : "https://tinyurl.com/pnntpt4a",
      "Rel" : "redirect",
      "Action" : "GET"
    }, {
      "Url" : "https://tinyurl.com/pnntpt4a",
      "Rel" : "provider_redirect",
      "Action" : "GET"
    }, {
      "Url" : "app/peek",
      "Rel" : "peek",
      "Action" : "POST"
    }, {
      "Url" : "https://dev-accounts-appservice.azurewebsites.net/5564648",
      "Rel" : "get_account",
      "Action" : "GET"
    } ],
    "Id" : "62990a1851322d2f744d5bcc",
    "Token" : "e10dRNj50nq2nzd3ecbO2AvZaOI4LiKvPePv1YB3EzIfOrIjg44OeyrAPjlTRndQIHn9Gsb2ZGS-j9U-hBAVlLI8tFTygF50ftiEvGB3CIXWaw%7e",
    "Disposition" : "Approved",
    "ApprovalAmount" : 5000,
    "ReferenceId" : "AB93802983883",
    "Expires" : "2022-08-31T19:06:04.3425416+00:00",
    "AccountId" : "5564648"
  }
}
The List of URLS :[redirect, provider_redirect, peek, get_account]
[INFO ] 2022-06-02 14:06:04.925 [TestNG-tests-1] AssertionUtil - verified that the Status 200 is returned
[INFO ] 2022-06-02 14:06:04.986 [TestNG-tests-1] AssertionUtil - verified that the Reference ID AB93802983883 is returned
[INFO ] 2022-06-02 14:06:05.000 [TestNG-tests-1] AssertionUtil - verified that the Disposition Approved is returned
]]></system-out>
  </testcase>
  <testcase name="easyAPIPeek" classname="com.finexio.test.webservices.EasyAPI.SleepArchTxAppJourneyTest" time="1.61">
    <system-out><![CDATA[passed **********
Collecting all Testcases to Update
The request sent to service /peek
{
  "token" : "e10dRNj50nq2nzd3ecbO2AvZaOI4LiKvPePv1YB3EzIfOrIjg44OeyrAPjlTRndQIHn9Gsb2ZGS-j9U-hBAVlLI8tFTygF50ftiEvGB3CIXWaw%7e"
}
The Env Tests Running off of is: https://dev-api.gohfd.com/app/v0
The response recieved from service call /peek
{
  "Result" : {
    "Session" : {
      "ReferenceId" : "AB93802983883",
      "InternalId" : "5564648",
      "Created" : "2022-06-02T19:06:00.9162532+00:00",
      "ProviderId" : "15357",
      "Application" : {
        "PaymentMethods" : [ ],
        "Treatment" : {
          "TotalCost" : 2000,
          "Scheduled" : "2022-06-02T00:00:00+00:00",
          "Services" : [ ]
        },
        "Options" : {
          "IsForPrequalification" : true
        },
        "Applicants" : [ {
          "Type" : "Primary",
          "FirstName" : "John",
          "LastName" : "Doe",
          "DOB" : "2002-01-04T00:00:00",
          "NationalId" : "123456789",
          "Address" : {
            "StreetLine1" : "89 Lake St",
            "StreetLine2" : "Suite 89",
            "City" : "San Francisco",
            "Statoid" : "CA",
            "PostalCode" : "89845"
          },
          "Communications" : [ {
            "Value" : "qaautomation@healthcarefinancedirect.com",
            "Type" : "Email",
            "Priority" : 0
          }, {
            "Value" : "6615562886",
            "Type" : "Mobile",
            "Priority" : 0
          } ],
          "Locale" : "en-us"
        } ],
        "Created" : "2022-06-02T19:06:06.6313087+00:00"
      },
      "Options" : {
        "IsTest" : true,
        "LinkExpirationInDays" : 90,
        "ShortenUrl" : true,
        "Theme" : "HFD"
      }
    }
  }
}
[INFO ] 2022-06-02 14:06:06.594 [TestNG-tests-1] AssertionUtil - verified that the Status 200 is returned
[INFO ] 2022-06-02 14:06:06.614 [TestNG-tests-1] AssertionUtil - verified that the Reference ID AB93802983883 is returned
]]></system-out>
  </testcase>
</testsuite>