<?xml version="1.0" encoding="UTF-8"?>
<!-- Generated by org.testng.reporters.JUnitReportReporter -->
<testsuite hostname="Ivans-MBP.lan" failures="0" tests="3" name="com.finexio.test.webservices.EasyAPI.SleepArchTxAppJourneyTest" time="16.906" errors="0" timestamp="2022-06-02T14:06:07 CDT" skipped="0">
  <testcase classname="com.finexio.test.webservices.EasyAPI.SleepArchTxAppJourneyTest" name="generateToken" time="10.064"/>
  <system-out/>
  <testcase classname="com.finexio.test.webservices.EasyAPI.SleepArchTxAppJourneyTest" name="startAppln" time="5.226"/>
  <system-out/>
  <testcase classname="com.finexio.test.webservices.EasyAPI.SleepArchTxAppJourneyTest" name="easyAPIPeek" time="1.616"/>
  <system-out/>
</testsuite> <!-- com.finexio.test.webservices.EasyAPI.SleepArchTxAppJourneyTest -->
